This is pdfTeX, Version 3.141592653-2.6-1.40.23 (MiKTeX 21.10) (preloaded format=pdflatex 2021.10.17)  18 NOV 2021 00:07
entering extended mode
**./sprawozdanie.tex
(sprawozdanie.tex
LaTeX2e <2021-06-01> patch level 1
L3 programming layer <2021-10-12>
(C:\Users\kanja\AppData\Local\Programs\MiKTeX\tex/latex/mwcls\mwrep.cls
Document Class: mwrep 2017/05/13 v0.75 A LaTeX document class (MW)
*** Beta version. Formatting may change
*** in future versions of this class.
(C:\Users\kanja\AppData\Local\Programs\MiKTeX\tex/latex/mwcls\mw11.clo
File: mw11.clo 2017/05/13 v0.75 A document class size option (MW)
)
\@parindent=\dimen138
\c@part=\count182
\c@chapter=\count183
\c@section=\count184
\c@subsection=\count185
\c@subsubsection=\count186
\c@paragraph=\count187
\c@subparagraph=\count188
\c@figure=\count189
\c@table=\count190
\abovecaptionskip=\skip47
\belowcaptionskip=\skip48
\bibindent=\dimen139
)
(C:\Users\kanja\AppData\Local\Programs\MiKTeX\tex/latex/geometry\geometry.sty
Package: geometry 2020/01/02 v5.9 Page Geometry

(C:\Users\kanja\AppData\Local\Programs\MiKTeX\tex/latex/graphics\keyval.sty
Package: keyval 2014/10/28 v1.15 key=value parser (DPC)
\KV@toks@=\toks16
)
(C:\Users\kanja\AppData\Local\Programs\MiKTeX\tex/generic/iftex\ifvtex.sty
Package: ifvtex 2019/10/25 v1.7 ifvtex legacy package. Use iftex instead.

(C:\Users\kanja\AppData\Local\Programs\MiKTeX\tex/generic/iftex\iftex.sty
Package: iftex 2020/03/06 v1.0d TeX engine tests
))
\Gm@cnth=\count191
\Gm@cntv=\count192
\c@Gm@tempcnt=\count193
\Gm@bindingoffset=\dimen140
\Gm@wd@mp=\dimen141
\Gm@odd@mp=\dimen142
\Gm@even@mp=\dimen143
\Gm@layoutwidth=\dimen144
\Gm@layoutheight=\dimen145
\Gm@layouthoffset=\dimen146
\Gm@layoutvoffset=\dimen147
\Gm@dimlist=\toks17

(C:\Users\kanja\AppData\Local\Programs\MiKTeX\tex/latex/geometry\geometry.cfg))
(C:\Users\kanja\AppData\Local\Programs\MiKTeX\tex/latex/base\fontenc.sty
Package: fontenc 2021/04/29 v2.0v Standard LaTeX package
)
(C:\Users\kanja\AppData\Local\Programs\MiKTeX\tex/latex/polski\polski.sty
Package: polski 2021/08/25 v1.3.6 Polish language package

   Switching to Polish text encoding and Polish maths fonts.
(C:\Users\kanja\AppData\Local\Programs\MiKTeX\tex/latex/base\ot4enc.def
File: ot4enc.def 2021/04/29 v2.0v Standard LaTeX file
Now handling font encoding OT4 ...
... no UTF-8 mapping file for font encoding OT4
)
LaTeX Font Info:    Trying to load font information for OT4+cmr on input line 3
62.

(C:\Users\kanja\AppData\Local\Programs\MiKTeX\tex/latex/polski\ot4cmr.fd
File: ot4cmr.fd 2008/02/24 v1.2.1 Font defs for fonts PL (MW)
)
LaTeX Font Info:    Overwriting math alphabet `\mathbf' in version `normal'
(Font)                  OT1/cmr/bx/n --> OT4/cmr/bx/n on input line 362.
LaTeX Font Info:    Overwriting math alphabet `\mathsf' in version `normal'
(Font)                  OT1/cmss/m/n --> OT4/cmss/m/n on input line 362.
LaTeX Font Info:    Overwriting math alphabet `\mathit' in version `normal'
(Font)                  OT1/cmr/m/it --> OT4/cmr/m/it on input line 362.
LaTeX Font Info:    Overwriting math alphabet `\mathtt' in version `normal'
(Font)                  OT1/cmtt/m/n --> OT4/cmtt/m/n on input line 362.
LaTeX Font Info:    Overwriting math alphabet `\mathsf' in version `bold'
(Font)                  OT1/cmss/bx/n --> OT4/cmss/bx/n on input line 362.
LaTeX Font Info:    Overwriting math alphabet `\mathit' in version `bold'
(Font)                  OT1/cmr/bx/it --> OT4/cmr/bx/it on input line 362.
LaTeX Font Info:    Encoding `OT1' has changed to `OT4' for symbol font
(Font)              `operators' in the math version `normal' on input line 362.

LaTeX Font Info:    Overwriting symbol font `operators' in version `normal'
(Font)                  OT1/cmr/m/n --> OT4/cmr/m/n on input line 362.
LaTeX Font Info:    Overwriting symbol font `letters' in version `normal'
(Font)                  OML/cmm/m/it --> OML/plm/m/it on input line 362.
LaTeX Font Info:    Overwriting symbol font `symbols' in version `normal'
(Font)                  OMS/cmsy/m/n --> OMS/plsy/m/n on input line 362.
LaTeX Font Info:    Overwriting symbol font `largesymbols' in version `normal'
(Font)                  OMX/cmex/m/n --> OMX/plex/m/n on input line 362.
LaTeX Font Info:    Encoding `OT1' has changed to `OT4' for symbol font
(Font)              `operators' in the math version `bold' on input line 362.
LaTeX Font Info:    Overwriting symbol font `operators' in version `bold'
(Font)                  OT1/cmr/bx/n --> OT4/cmr/bx/n on input line 362.
LaTeX Font Info:    Overwriting symbol font `letters' in version `bold'
(Font)                  OML/cmm/b/it --> OML/plm/b/it on input line 362.
LaTeX Font Info:    Overwriting symbol font `symbols' in version `bold'
(Font)                  OMS/cmsy/b/n --> OMS/plsy/b/n on input line 362.
)
(C:\Users\kanja\AppData\Local\Programs\MiKTeX\tex/latex/amsmath\amsmath.sty
Package: amsmath 2021/04/20 v2.17j AMS math features
\@mathmargin=\skip49

For additional information on amsmath, use the `?' option.
(C:\Users\kanja\AppData\Local\Programs\MiKTeX\tex/latex/amsmath\amstext.sty
Package: amstext 2000/06/29 v2.01 AMS text

(C:\Users\kanja\AppData\Local\Programs\MiKTeX\tex/latex/amsmath\amsgen.sty
File: amsgen.sty 1999/11/30 v2.0 generic functions
\@emptytoks=\toks18
\ex@=\dimen148
))
(C:\Users\kanja\AppData\Local\Programs\MiKTeX\tex/latex/amsmath\amsbsy.sty
Package: amsbsy 1999/11/29 v1.2d Bold Symbols
\pmbraise@=\dimen149
)
(C:\Users\kanja\AppData\Local\Programs\MiKTeX\tex/latex/amsmath\amsopn.sty
Package: amsopn 2016/03/08 v2.02 operator names
)
\inf@bad=\count194
LaTeX Info: Redefining \frac on input line 234.
\uproot@=\count195
\leftroot@=\count196
LaTeX Info: Redefining \overline on input line 399.
\classnum@=\count197
\DOTSCASE@=\count198
LaTeX Info: Redefining \ldots on input line 496.
LaTeX Info: Redefining \dots on input line 499.
LaTeX Info: Redefining \cdots on input line 620.
\Mathstrutbox@=\box50
\strutbox@=\box51
\big@size=\dimen150
LaTeX Font Info:    Redeclaring font encoding OML on input line 743.
LaTeX Font Info:    Redeclaring font encoding OMS on input line 744.
\macc@depth=\count199
\c@MaxMatrixCols=\count266
\dotsspace@=\muskip16
\c@parentequation=\count267
\dspbrk@lvl=\count268
\tag@help=\toks19
\row@=\count269
\column@=\count270
\maxfields@=\count271
\andhelp@=\toks20
\eqnshift@=\dimen151
\alignsep@=\dimen152
\tagshift@=\dimen153
\tagwidth@=\dimen154
\totwidth@=\dimen155
\lineht@=\dimen156
\@envbody=\toks21
\multlinegap=\skip50
\multlinetaggap=\skip51
\mathdisplay@stack=\toks22
LaTeX Info: Redefining \[ on input line 2923.
LaTeX Info: Redefining \] on input line 2924.
)
(C:\Users\kanja\AppData\Local\Programs\MiKTeX\tex/latex/amsfonts\amsfonts.sty
Package: amsfonts 2013/01/14 v3.01 Basic AMSFonts support
\symAMSa=\mathgroup4
\symAMSb=\mathgroup5
LaTeX Font Info:    Redeclaring math symbol \hbar on input line 98.
LaTeX Font Info:    Overwriting math alphabet `\mathfrak' in version `bold'
(Font)                  U/euf/m/n --> U/euf/b/n on input line 106.
)
(C:\Users\kanja\AppData\Local\Programs\MiKTeX\tex/latex/amsfonts\amssymb.sty
Package: amssymb 2013/01/14 v3.01 AMS font symbols
)
(C:\Users\kanja\AppData\Local\Programs\MiKTeX\tex/latex/graphics\graphicx.sty
Package: graphicx 2020/12/05 v1.2c Enhanced LaTeX Graphics (DPC,SPQR)

(C:\Users\kanja\AppData\Local\Programs\MiKTeX\tex/latex/graphics\graphics.sty
Package: graphics 2021/03/04 v1.4d Standard LaTeX Graphics (DPC,SPQR)

(C:\Users\kanja\AppData\Local\Programs\MiKTeX\tex/latex/graphics\trig.sty
Package: trig 2016/01/03 v1.10 sin cos tan (DPC)
)
(C:\Users\kanja\AppData\Local\Programs\MiKTeX\tex/latex/graphics-cfg\graphics.c
fg
File: graphics.cfg 2016/06/04 v1.11 sample graphics configuration
)
Package graphics Info: Driver file: pdftex.def on input line 107.

(C:\Users\kanja\AppData\Local\Programs\MiKTeX\tex/latex/graphics-def\pdftex.def
File: pdftex.def 2020/10/05 v1.2a Graphics/color driver for pdftex
))
\Gin@req@height=\dimen157
\Gin@req@width=\dimen158
) (C:\Users\kanja\AppData\Local\Programs\MiKTeX\tex/latex/float\float.sty
Package: float 2001/11/08 v1.3d Float enhancements (AL)
\c@float@type=\count272
\float@exts=\toks23
\float@box=\box52
\@float@everytoks=\toks24
\@floatcapt=\box53
)
(C:\Users\kanja\AppData\Local\Programs\MiKTeX\tex/latex/url\url.sty
\Urlmuskip=\muskip17
Package: url 2013/09/16  ver 3.4  Verb mode for urls, etc.
)
(C:\Users\kanja\AppData\Local\Programs\MiKTeX\tex/latex/pgf/frontendlayer\tikz.
sty
(C:\Users\kanja\AppData\Local\Programs\MiKTeX\tex/latex/pgf/basiclayer\pgf.sty
(C:\Users\kanja\AppData\Local\Programs\MiKTeX\tex/latex/pgf/utilities\pgfrcs.st
y
(C:\Users\kanja\AppData\Local\Programs\MiKTeX\tex/generic/pgf/utilities\pgfutil
-common.tex
\pgfutil@everybye=\toks25
\pgfutil@tempdima=\dimen159
\pgfutil@tempdimb=\dimen160

(C:\Users\kanja\AppData\Local\Programs\MiKTeX\tex/generic/pgf/utilities\pgfutil
-common-lists.tex))
(C:\Users\kanja\AppData\Local\Programs\MiKTeX\tex/generic/pgf/utilities\pgfutil
-latex.def
\pgfutil@abb=\box54
)
(C:\Users\kanja\AppData\Local\Programs\MiKTeX\tex/generic/pgf/utilities\pgfrcs.
code.tex
(C:\Users\kanja\AppData\Local\Programs\MiKTeX\tex/generic/pgf\pgf.revision.tex)
Package: pgfrcs 2021/05/15 v3.1.9a (3.1.9a)
))
Package: pgf 2021/05/15 v3.1.9a (3.1.9a)

(C:\Users\kanja\AppData\Local\Programs\MiKTeX\tex/latex/pgf/basiclayer\pgfcore.
sty
(C:\Users\kanja\AppData\Local\Programs\MiKTeX\tex/latex/pgf/systemlayer\pgfsys.
sty
(C:\Users\kanja\AppData\Local\Programs\MiKTeX\tex/generic/pgf/systemlayer\pgfsy
s.code.tex
Package: pgfsys 2021/05/15 v3.1.9a (3.1.9a)

(C:\Users\kanja\AppData\Local\Programs\MiKTeX\tex/generic/pgf/utilities\pgfkeys
.code.tex
\pgfkeys@pathtoks=\toks26
\pgfkeys@temptoks=\toks27

(C:\Users\kanja\AppData\Local\Programs\MiKTeX\tex/generic/pgf/utilities\pgfkeys
filtered.code.tex
\pgfkeys@tmptoks=\toks28
))
\pgf@x=\dimen161
\pgf@y=\dimen162
\pgf@xa=\dimen163
\pgf@ya=\dimen164
\pgf@xb=\dimen165
\pgf@yb=\dimen166
\pgf@xc=\dimen167
\pgf@yc=\dimen168
\pgf@xd=\dimen169
\pgf@yd=\dimen170
\w@pgf@writea=\write3
\r@pgf@reada=\read2
\c@pgf@counta=\count273
\c@pgf@countb=\count274
\c@pgf@countc=\count275
\c@pgf@countd=\count276
\t@pgf@toka=\toks29
\t@pgf@tokb=\toks30
\t@pgf@tokc=\toks31
\pgf@sys@id@count=\count277

(C:\Users\kanja\AppData\Local\Programs\MiKTeX\tex/generic/pgf/systemlayer\pgf.c
fg
File: pgf.cfg 2021/05/15 v3.1.9a (3.1.9a)
)
Driver file for pgf: pgfsys-pdftex.def

(C:\Users\kanja\AppData\Local\Programs\MiKTeX\tex/generic/pgf/systemlayer\pgfsy
s-pdftex.def
File: pgfsys-pdftex.def 2021/05/15 v3.1.9a (3.1.9a)

(C:\Users\kanja\AppData\Local\Programs\MiKTeX\tex/generic/pgf/systemlayer\pgfsy
s-common-pdf.def
File: pgfsys-common-pdf.def 2021/05/15 v3.1.9a (3.1.9a)
)))
(C:\Users\kanja\AppData\Local\Programs\MiKTeX\tex/generic/pgf/systemlayer\pgfsy
ssoftpath.code.tex
File: pgfsyssoftpath.code.tex 2021/05/15 v3.1.9a (3.1.9a)
\pgfsyssoftpath@smallbuffer@items=\count278
\pgfsyssoftpath@bigbuffer@items=\count279
)
(C:\Users\kanja\AppData\Local\Programs\MiKTeX\tex/generic/pgf/systemlayer\pgfsy
sprotocol.code.tex
File: pgfsysprotocol.code.tex 2021/05/15 v3.1.9a (3.1.9a)
))
(C:\Users\kanja\AppData\Local\Programs\MiKTeX\tex/latex/xcolor\xcolor.sty
Package: xcolor 2016/05/11 v2.12 LaTeX color extensions (UK)

(C:\Users\kanja\AppData\Local\Programs\MiKTeX\tex/latex/graphics-cfg\color.cfg
File: color.cfg 2016/01/02 v1.6 sample color configuration
)
Package xcolor Info: Driver file: pdftex.def on input line 225.
Package xcolor Info: Model `cmy' substituted by `cmy0' on input line 1348.
Package xcolor Info: Model `hsb' substituted by `rgb' on input line 1352.
Package xcolor Info: Model `RGB' extended on input line 1364.
Package xcolor Info: Model `HTML' substituted by `rgb' on input line 1366.
Package xcolor Info: Model `Hsb' substituted by `hsb' on input line 1367.
Package xcolor Info: Model `tHsb' substituted by `hsb' on input line 1368.
Package xcolor Info: Model `HSB' substituted by `hsb' on input line 1369.
Package xcolor Info: Model `Gray' substituted by `gray' on input line 1370.
Package xcolor Info: Model `wave' substituted by `hsb' on input line 1371.
)
(C:\Users\kanja\AppData\Local\Programs\MiKTeX\tex/generic/pgf/basiclayer\pgfcor
e.code.tex
Package: pgfcore 2021/05/15 v3.1.9a (3.1.9a)

(C:\Users\kanja\AppData\Local\Programs\MiKTeX\tex/generic/pgf/math\pgfmath.code
.tex
(C:\Users\kanja\AppData\Local\Programs\MiKTeX\tex/generic/pgf/math\pgfmathcalc.
code.tex
(C:\Users\kanja\AppData\Local\Programs\MiKTeX\tex/generic/pgf/math\pgfmathutil.
code.tex)
(C:\Users\kanja\AppData\Local\Programs\MiKTeX\tex/generic/pgf/math\pgfmathparse
r.code.tex
\pgfmath@dimen=\dimen171
\pgfmath@count=\count280
\pgfmath@box=\box55
\pgfmath@toks=\toks32
\pgfmath@stack@operand=\toks33
\pgfmath@stack@operation=\toks34
)
(C:\Users\kanja\AppData\Local\Programs\MiKTeX\tex/generic/pgf/math\pgfmathfunct
ions.code.tex
(C:\Users\kanja\AppData\Local\Programs\MiKTeX\tex/generic/pgf/math\pgfmathfunct
ions.basic.code.tex)
(C:\Users\kanja\AppData\Local\Programs\MiKTeX\tex/generic/pgf/math\pgfmathfunct
ions.trigonometric.code.tex)
(C:\Users\kanja\AppData\Local\Programs\MiKTeX\tex/generic/pgf/math\pgfmathfunct
ions.random.code.tex)
(C:\Users\kanja\AppData\Local\Programs\MiKTeX\tex/generic/pgf/math\pgfmathfunct
ions.comparison.code.tex)
(C:\Users\kanja\AppData\Local\Programs\MiKTeX\tex/generic/pgf/math\pgfmathfunct
ions.base.code.tex)
(C:\Users\kanja\AppData\Local\Programs\MiKTeX\tex/generic/pgf/math\pgfmathfunct
ions.round.code.tex)
(C:\Users\kanja\AppData\Local\Programs\MiKTeX\tex/generic/pgf/math\pgfmathfunct
ions.misc.code.tex)
(C:\Users\kanja\AppData\Local\Programs\MiKTeX\tex/generic/pgf/math\pgfmathfunct
ions.integerarithmetics.code.tex)))
(C:\Users\kanja\AppData\Local\Programs\MiKTeX\tex/generic/pgf/math\pgfmathfloat
.code.tex
\c@pgfmathroundto@lastzeros=\count281
))
(C:\Users\kanja\AppData\Local\Programs\MiKTeX\tex/generic/pgf/math\pgfint.code.
tex)
(C:\Users\kanja\AppData\Local\Programs\MiKTeX\tex/generic/pgf/basiclayer\pgfcor
epoints.code.tex
File: pgfcorepoints.code.tex 2021/05/15 v3.1.9a (3.1.9a)
\pgf@picminx=\dimen172
\pgf@picmaxx=\dimen173
\pgf@picminy=\dimen174
\pgf@picmaxy=\dimen175
\pgf@pathminx=\dimen176
\pgf@pathmaxx=\dimen177
\pgf@pathminy=\dimen178
\pgf@pathmaxy=\dimen179
\pgf@xx=\dimen180
\pgf@xy=\dimen181
\pgf@yx=\dimen182
\pgf@yy=\dimen183
\pgf@zx=\dimen184
\pgf@zy=\dimen185
)
(C:\Users\kanja\AppData\Local\Programs\MiKTeX\tex/generic/pgf/basiclayer\pgfcor
epathconstruct.code.tex
File: pgfcorepathconstruct.code.tex 2021/05/15 v3.1.9a (3.1.9a)
\pgf@path@lastx=\dimen186
\pgf@path@lasty=\dimen187
)
(C:\Users\kanja\AppData\Local\Programs\MiKTeX\tex/generic/pgf/basiclayer\pgfcor
epathusage.code.tex
File: pgfcorepathusage.code.tex 2021/05/15 v3.1.9a (3.1.9a)
\pgf@shorten@end@additional=\dimen188
\pgf@shorten@start@additional=\dimen189
)
(C:\Users\kanja\AppData\Local\Programs\MiKTeX\tex/generic/pgf/basiclayer\pgfcor
escopes.code.tex
File: pgfcorescopes.code.tex 2021/05/15 v3.1.9a (3.1.9a)
\pgfpic=\box56
\pgf@hbox=\box57
\pgf@layerbox@main=\box58
\pgf@picture@serial@count=\count282
)
(C:\Users\kanja\AppData\Local\Programs\MiKTeX\tex/generic/pgf/basiclayer\pgfcor
egraphicstate.code.tex
File: pgfcoregraphicstate.code.tex 2021/05/15 v3.1.9a (3.1.9a)
\pgflinewidth=\dimen190
)
(C:\Users\kanja\AppData\Local\Programs\MiKTeX\tex/generic/pgf/basiclayer\pgfcor
etransformations.code.tex
File: pgfcoretransformations.code.tex 2021/05/15 v3.1.9a (3.1.9a)
\pgf@pt@x=\dimen191
\pgf@pt@y=\dimen192
\pgf@pt@temp=\dimen193
)
(C:\Users\kanja\AppData\Local\Programs\MiKTeX\tex/generic/pgf/basiclayer\pgfcor
equick.code.tex
File: pgfcorequick.code.tex 2021/05/15 v3.1.9a (3.1.9a)
)
(C:\Users\kanja\AppData\Local\Programs\MiKTeX\tex/generic/pgf/basiclayer\pgfcor
eobjects.code.tex
File: pgfcoreobjects.code.tex 2021/05/15 v3.1.9a (3.1.9a)
)
(C:\Users\kanja\AppData\Local\Programs\MiKTeX\tex/generic/pgf/basiclayer\pgfcor
epathprocessing.code.tex
File: pgfcorepathprocessing.code.tex 2021/05/15 v3.1.9a (3.1.9a)
)
(C:\Users\kanja\AppData\Local\Programs\MiKTeX\tex/generic/pgf/basiclayer\pgfcor
earrows.code.tex
File: pgfcorearrows.code.tex 2021/05/15 v3.1.9a (3.1.9a)
\pgfarrowsep=\dimen194
)
(C:\Users\kanja\AppData\Local\Programs\MiKTeX\tex/generic/pgf/basiclayer\pgfcor
eshade.code.tex
File: pgfcoreshade.code.tex 2021/05/15 v3.1.9a (3.1.9a)
\pgf@max=\dimen195
\pgf@sys@shading@range@num=\count283
\pgf@shadingcount=\count284
)
(C:\Users\kanja\AppData\Local\Programs\MiKTeX\tex/generic/pgf/basiclayer\pgfcor
eimage.code.tex
File: pgfcoreimage.code.tex 2021/05/15 v3.1.9a (3.1.9a)

(C:\Users\kanja\AppData\Local\Programs\MiKTeX\tex/generic/pgf/basiclayer\pgfcor
eexternal.code.tex
File: pgfcoreexternal.code.tex 2021/05/15 v3.1.9a (3.1.9a)
\pgfexternal@startupbox=\box59
))
(C:\Users\kanja\AppData\Local\Programs\MiKTeX\tex/generic/pgf/basiclayer\pgfcor
elayers.code.tex
File: pgfcorelayers.code.tex 2021/05/15 v3.1.9a (3.1.9a)
)
(C:\Users\kanja\AppData\Local\Programs\MiKTeX\tex/generic/pgf/basiclayer\pgfcor
etransparency.code.tex
File: pgfcoretransparency.code.tex 2021/05/15 v3.1.9a (3.1.9a)
)
(C:\Users\kanja\AppData\Local\Programs\MiKTeX\tex/generic/pgf/basiclayer\pgfcor
epatterns.code.tex
File: pgfcorepatterns.code.tex 2021/05/15 v3.1.9a (3.1.9a)
)
(C:\Users\kanja\AppData\Local\Programs\MiKTeX\tex/generic/pgf/basiclayer\pgfcor
erdf.code.tex
File: pgfcorerdf.code.tex 2021/05/15 v3.1.9a (3.1.9a)
)))
(C:\Users\kanja\AppData\Local\Programs\MiKTeX\tex/generic/pgf/modules\pgfmodule
shapes.code.tex
File: pgfmoduleshapes.code.tex 2021/05/15 v3.1.9a (3.1.9a)
\pgfnodeparttextbox=\box60
)
(C:\Users\kanja\AppData\Local\Programs\MiKTeX\tex/generic/pgf/modules\pgfmodule
plot.code.tex
File: pgfmoduleplot.code.tex 2021/05/15 v3.1.9a (3.1.9a)
)
(C:\Users\kanja\AppData\Local\Programs\MiKTeX\tex/latex/pgf/compatibility\pgfco
mp-version-0-65.sty
Package: pgfcomp-version-0-65 2021/05/15 v3.1.9a (3.1.9a)
\pgf@nodesepstart=\dimen196
\pgf@nodesepend=\dimen197
)
(C:\Users\kanja\AppData\Local\Programs\MiKTeX\tex/latex/pgf/compatibility\pgfco
mp-version-1-18.sty
Package: pgfcomp-version-1-18 2021/05/15 v3.1.9a (3.1.9a)
))
(C:\Users\kanja\AppData\Local\Programs\MiKTeX\tex/latex/pgf/utilities\pgffor.st
y
(C:\Users\kanja\AppData\Local\Programs\MiKTeX\tex/latex/pgf/utilities\pgfkeys.s
ty
(C:\Users\kanja\AppData\Local\Programs\MiKTeX\tex/generic/pgf/utilities\pgfkeys
.code.tex))
(C:\Users\kanja\AppData\Local\Programs\MiKTeX\tex/latex/pgf/math\pgfmath.sty
(C:\Users\kanja\AppData\Local\Programs\MiKTeX\tex/generic/pgf/math\pgfmath.code
.tex))
(C:\Users\kanja\AppData\Local\Programs\MiKTeX\tex/generic/pgf/utilities\pgffor.
code.tex
Package: pgffor 2021/05/15 v3.1.9a (3.1.9a)

(C:\Users\kanja\AppData\Local\Programs\MiKTeX\tex/generic/pgf/math\pgfmath.code
.tex)
\pgffor@iter=\dimen198
\pgffor@skip=\dimen199
\pgffor@stack=\toks35
\pgffor@toks=\toks36
))
(C:\Users\kanja\AppData\Local\Programs\MiKTeX\tex/generic/pgf/frontendlayer/tik
z\tikz.code.tex
Package: tikz 2021/05/15 v3.1.9a (3.1.9a)

(C:\Users\kanja\AppData\Local\Programs\MiKTeX\tex/generic/pgf/libraries\pgflibr
aryplothandlers.code.tex
File: pgflibraryplothandlers.code.tex 2021/05/15 v3.1.9a (3.1.9a)
\pgf@plot@mark@count=\count285
\pgfplotmarksize=\dimen256
)
\tikz@lastx=\dimen257
\tikz@lasty=\dimen258
\tikz@lastxsaved=\dimen259
\tikz@lastysaved=\dimen260
\tikz@lastmovetox=\dimen261
\tikz@lastmovetoy=\dimen262
\tikzleveldistance=\dimen263
\tikzsiblingdistance=\dimen264
\tikz@figbox=\box61
\tikz@figbox@bg=\box62
\tikz@tempbox=\box63
\tikz@tempbox@bg=\box64
\tikztreelevel=\count286
\tikznumberofchildren=\count287
\tikznumberofcurrentchild=\count288
\tikz@fig@count=\count289

(C:\Users\kanja\AppData\Local\Programs\MiKTeX\tex/generic/pgf/modules\pgfmodule
matrix.code.tex
File: pgfmodulematrix.code.tex 2021/05/15 v3.1.9a (3.1.9a)
\pgfmatrixcurrentrow=\count290
\pgfmatrixcurrentcolumn=\count291
\pgf@matrix@numberofcolumns=\count292
)
\tikz@expandcount=\count293

(C:\Users\kanja\AppData\Local\Programs\MiKTeX\tex/generic/pgf/frontendlayer/tik
z/libraries\tikzlibrarytopaths.code.tex
File: tikzlibrarytopaths.code.tex 2021/05/15 v3.1.9a (3.1.9a)
)))
(C:\Users\kanja\AppData\Local\Programs\MiKTeX\tex/generic/pgf/frontendlayer/tik
z/libraries\tikzlibraryarrows.code.tex
File: tikzlibraryarrows.code.tex 2021/05/15 v3.1.9a (3.1.9a)

(C:\Users\kanja\AppData\Local\Programs\MiKTeX\tex/generic/pgf/libraries\pgflibr
aryarrows.code.tex
File: pgflibraryarrows.code.tex 2021/05/15 v3.1.9a (3.1.9a)
\arrowsize=\dimen265
))
(C:\Users\kanja\AppData\Local\Programs\MiKTeX\tex/generic/pgf/frontendlayer/tik
z/libraries\tikzlibrarycalc.code.tex
File: tikzlibrarycalc.code.tex 2021/05/15 v3.1.9a (3.1.9a)
)
(C:\Users\kanja\AppData\Local\Programs\MiKTeX\tex/generic/pgf/frontendlayer/tik
z/libraries\tikzlibrarydecorations.markings.code.tex
(C:\Users\kanja\AppData\Local\Programs\MiKTeX\tex/generic/pgf/frontendlayer/tik
z/libraries\tikzlibrarydecorations.code.tex
(C:\Users\kanja\AppData\Local\Programs\MiKTeX\tex/generic/pgf/modules\pgfmodule
decorations.code.tex
\pgfdecoratedcompleteddistance=\dimen266
\pgfdecoratedremainingdistance=\dimen267
\pgfdecoratedinputsegmentcompleteddistance=\dimen268
\pgfdecoratedinputsegmentremainingdistance=\dimen269
\pgf@decorate@distancetomove=\dimen270
\pgf@decorate@repeatstate=\count294
\pgfdecorationsegmentamplitude=\dimen271
\pgfdecorationsegmentlength=\dimen272
)
\tikz@lib@dec@box=\box65
)
(C:\Users\kanja\AppData\Local\Programs\MiKTeX\tex/generic/pgf/libraries/decorat
ions\pgflibrarydecorations.markings.code.tex))
(C:\Users\kanja\AppData\Local\Programs\MiKTeX\tex/generic/pgf/frontendlayer/tik
z/libraries\tikzlibrarymath.code.tex
(C:\Users\kanja\AppData\Local\Programs\MiKTeX\tex/generic/pgf/frontendlayer/tik
z/libraries\tikzlibraryfpu.code.tex
(C:\Users\kanja\AppData\Local\Programs\MiKTeX\tex/generic/pgf/libraries\pgflibr
aryfpu.code.tex))
\tikz@math@for@depth=\count295
\tikz@math@dimen=\dimen273
\tikz@math@toks=\toks37
)
(C:\Users\kanja\AppData\Local\Programs\MiKTeX\tex/generic/pgf/libraries\pgflibr
aryarrows.meta.code.tex
File: pgflibraryarrows.meta.code.tex 2021/05/15 v3.1.9a (3.1.9a)
\pgfarrowinset=\dimen274
\pgfarrowlength=\dimen275
\pgfarrowwidth=\dimen276
\pgfarrowlinewidth=\dimen277
)
(C:\Users\kanja\AppData\Local\Programs\MiKTeX\tex/latex/graphics\rotating.sty
Package: rotating 2016/08/11 v2.16d rotated objects in LaTeX

(C:\Users\kanja\AppData\Local\Programs\MiKTeX\tex/latex/base\ifthen.sty
Package: ifthen 2020/11/24 v1.1c Standard LaTeX ifthen package (DPC)
)
\c@r@tfl@t=\count296
\rotFPtop=\skip52
\rotFPbot=\skip53
\rot@float@box=\box66
\rot@mess@toks=\toks38
)
(C:\Users\kanja\AppData\Local\Programs\MiKTeX\tex/latex/overpic\overpic.sty
Package: overpic 2020/02/22 1.3 picture overlays (RN)

(C:\Users\kanja\AppData\Local\Programs\MiKTeX\tex/latex/eepic\epic.sty
Enhancements to Picture Environment. Version 1.2 - Released June 1, 1986
\@@multicnt=\count297
\d@lta=\count298
\@delta=\dimen278
\@@delta=\dimen279
\@gridcnt=\count299
\@joinkind=\count300
\@dotgap=\dimen280
\@ddotgap=\dimen281
\@x@diff=\count301
\@y@diff=\count302
\x@diff=\dimen282
\y@diff=\dimen283
\@dotbox=\box67
\num@segments=\count303
\num@segmentsi=\count304
\@datafile=\read3
)
\OVP@box=\box68
) (C:\Users\kanja\AppData\Local\Programs\MiKTeX\tex/latex/base\inputenc.sty
Package: inputenc 2021/02/14 v1.3d Input encoding file
\inpenc@prehook=\toks39
\inpenc@posthook=\toks40

(C:\Users\kanja\AppData\Local\Programs\MiKTeX\tex/latex/base\cp1250.def
File: cp1250.def 2021/02/14 v1.3d Input encoding file
))
(C:\Users\kanja\AppData\Local\Programs\MiKTeX\tex/latex/colortbl\colortbl.sty
Package: colortbl 2020/01/04 v1.0e Color table columns (DPC)

(C:\Users\kanja\AppData\Local\Programs\MiKTeX\tex/latex/tools\array.sty
Package: array 2021/04/20 v2.5e Tabular extension package (FMi)
\col@sep=\dimen284
\ar@mcellbox=\box69
\extrarowheight=\dimen285
\NC@list=\toks41
\extratabsurround=\skip54
\backup@length=\skip55
\ar@cellbox=\box70
)
\everycr=\toks42
\minrowclearance=\skip56
)
(C:\Users\kanja\AppData\Local\Programs\MiKTeX\tex/latex/pgfplots\pgfplots.sty
(C:\Users\kanja\AppData\Local\Programs\MiKTeX\tex/generic/pgfplots\pgfplots.rev
ision.tex)
Package: pgfplots 2021/05/15 v1.18.1 Data Visualization (1.18.1)

(C:\Users\kanja\AppData\Local\Programs\MiKTeX\tex/generic/pgfplots\pgfplots.cod
e.tex
(C:\Users\kanja\AppData\Local\Programs\MiKTeX\tex/generic/pgfplots\pgfplotscore
.code.tex
\t@pgfplots@toka=\toks43
\t@pgfplots@tokb=\toks44
\t@pgfplots@tokc=\toks45
\pgfplots@tmpa=\dimen286
\c@pgfplots@coordindex=\count305
\c@pgfplots@scanlineindex=\count306

(C:\Users\kanja\AppData\Local\Programs\MiKTeX\tex/generic/pgfplots/sys\pgfplots
sysgeneric.code.tex))
(C:\Users\kanja\AppData\Local\Programs\MiKTeX\tex/generic/pgfplots/libs\pgfplot
slibrary.code.tex)
(C:\Users\kanja\AppData\Local\Programs\MiKTeX\tex/generic/pgfplots/oldpgfcompat
ib\pgfplotsoldpgfsupp_loader.code.tex)
(C:\Users\kanja\AppData\Local\Programs\MiKTeX\tex/generic/pgfplots/util\pgfplot
sutil.code.tex
(C:\Users\kanja\AppData\Local\Programs\MiKTeX\tex/generic/pgfplots/liststructur
e\pgfplotsliststructure.code.tex)
(C:\Users\kanja\AppData\Local\Programs\MiKTeX\tex/generic/pgfplots/liststructur
e\pgfplotsliststructureext.code.tex)
(C:\Users\kanja\AppData\Local\Programs\MiKTeX\tex/generic/pgfplots/liststructur
e\pgfplotsarray.code.tex
\c@pgfplotsarray@tmp=\count307
)
(C:\Users\kanja\AppData\Local\Programs\MiKTeX\tex/generic/pgfplots/liststructur
e\pgfplotsmatrix.code.tex)
(C:\Users\kanja\AppData\Local\Programs\MiKTeX\tex/generic/pgfplots/numtable\pgf
plotstableshared.code.tex
\c@pgfplotstable@counta=\count308
\t@pgfplotstable@a=\toks46
)
(C:\Users\kanja\AppData\Local\Programs\MiKTeX\tex/generic/pgfplots/liststructur
e\pgfplotsdeque.code.tex)
(C:\Users\kanja\AppData\Local\Programs\MiKTeX\tex/generic/pgfplots/util\pgfplot
sbinary.code.tex
(C:\Users\kanja\AppData\Local\Programs\MiKTeX\tex/generic/pgfplots/util\pgfplot
sbinary.data.code.tex))
(C:\Users\kanja\AppData\Local\Programs\MiKTeX\tex/generic/pgfplots/util\pgfplot
sutil.verb.code.tex)
(C:\Users\kanja\AppData\Local\Programs\MiKTeX\tex/generic/pgfplots/libs\pgflibr
arypgfplots.surfshading.code.tex
\c@pgfplotslibrarysurf@no=\count309

(C:\Users\kanja\AppData\Local\Programs\MiKTeX\tex/generic/pgfplots/sys\pgflibra
rypgfplots.surfshading.pgfsys-pdftex.def)))
(C:\Users\kanja\AppData\Local\Programs\MiKTeX\tex/generic/pgfplots/util\pgfplot
scolormap.code.tex
(C:\Users\kanja\AppData\Local\Programs\MiKTeX\tex/generic/pgfplots/util\pgfplot
scolor.code.tex))
(C:\Users\kanja\AppData\Local\Programs\MiKTeX\tex/generic/pgfplots\pgfplotsstac
kedplots.code.tex)
(C:\Users\kanja\AppData\Local\Programs\MiKTeX\tex/generic/pgfplots\pgfplotsplot
handlers.code.tex
(C:\Users\kanja\AppData\Local\Programs\MiKTeX\tex/generic/pgfplots\pgfplotsmesh
plothandler.code.tex
(C:\Users\kanja\AppData\Local\Programs\MiKTeX\tex/generic/pgfplots\pgfplotsmesh
plotimage.code.tex)))
(C:\Users\kanja\AppData\Local\Programs\MiKTeX\tex/generic/pgfplots\pgfplots.sca
ling.code.tex)
(C:\Users\kanja\AppData\Local\Programs\MiKTeX\tex/generic/pgfplots\pgfplotscoor
dprocessing.code.tex)
(C:\Users\kanja\AppData\Local\Programs\MiKTeX\tex/generic/pgfplots\pgfplots.err
orbars.code.tex)
(C:\Users\kanja\AppData\Local\Programs\MiKTeX\tex/generic/pgfplots\pgfplots.mar
kers.code.tex)
(C:\Users\kanja\AppData\Local\Programs\MiKTeX\tex/generic/pgfplots\pgfplotstick
s.code.tex)
(C:\Users\kanja\AppData\Local\Programs\MiKTeX\tex/generic/pgfplots\pgfplots.pat
hs.code.tex)
(C:\Users\kanja\AppData\Local\Programs\MiKTeX\tex/generic/pgf/frontendlayer/tik
z/libraries\tikzlibrarydecorations.pathmorphing.code.tex
(C:\Users\kanja\AppData\Local\Programs\MiKTeX\tex/generic/pgf/libraries/decorat
ions\pgflibrarydecorations.pathmorphing.code.tex))
(C:\Users\kanja\AppData\Local\Programs\MiKTeX\tex/generic/pgf/frontendlayer/tik
z/libraries\tikzlibrarydecorations.pathreplacing.code.tex
(C:\Users\kanja\AppData\Local\Programs\MiKTeX\tex/generic/pgf/libraries/decorat
ions\pgflibrarydecorations.pathreplacing.code.tex))
(C:\Users\kanja\AppData\Local\Programs\MiKTeX\tex/generic/pgfplots/libs\tikzlib
rarypgfplots.contourlua.code.tex)
\pgfplots@numplots=\count310
\pgfplots@xmin@reg=\dimen287
\pgfplots@xmax@reg=\dimen288
\pgfplots@ymin@reg=\dimen289
\pgfplots@ymax@reg=\dimen290
\pgfplots@zmin@reg=\dimen291
\pgfplots@zmax@reg=\dimen292
)
(C:\Users\kanja\AppData\Local\Programs\MiKTeX\tex/generic/pgf/frontendlayer/tik
z/libraries\tikzlibraryplotmarks.code.tex
File: tikzlibraryplotmarks.code.tex 2021/05/15 v3.1.9a (3.1.9a)

(C:\Users\kanja\AppData\Local\Programs\MiKTeX\tex/generic/pgf/libraries\pgflibr
aryplotmarks.code.tex
File: pgflibraryplotmarks.code.tex 2021/05/15 v3.1.9a (3.1.9a)
)))
(C:\Users\kanja\AppData\Local\Programs\MiKTeX\tex/generic/pgfplots/libs\tikzlib
rarypgfplots.groupplots.code.tex
\pgfplots@group@current@plot=\count311
\pgfplots@group@current@row=\count312
\pgfplots@group@current@column=\count313
)
(C:\Users\kanja\AppData\Local\Programs\MiKTeX\tex/latex/listings\listings.sty
\lst@mode=\count314
\lst@gtempboxa=\box71
\lst@token=\toks47
\lst@length=\count315
\lst@currlwidth=\dimen293
\lst@column=\count316
\lst@pos=\count317
\lst@lostspace=\dimen294
\lst@width=\dimen295
\lst@newlines=\count318
\lst@lineno=\count319
\lst@maxwidth=\dimen296

(C:\Users\kanja\AppData\Local\Programs\MiKTeX\tex/latex/listings\lstmisc.sty
File: lstmisc.sty 2020/03/24 1.8d (Carsten Heinz)
\c@lstnumber=\count320
\lst@skipnumbers=\count321
\lst@framebox=\box72
)
(C:\Users\kanja\AppData\Local\Programs\MiKTeX\tex/latex/listings\listings.cfg
File: listings.cfg 2020/03/24 1.8d listings configuration
))
Package: listings 2020/03/24 1.8d (Carsten Heinz)

(C:\Users\kanja\AppData\Local\Programs\MiKTeX\tex/latex/matlab-prettifier\matla
b-prettifier.sty
Package: matlab-prettifier 2014/06/19 v0.3 A package for prettyprinting Matlab 
source code

(C:\Users\kanja\AppData\Local\Programs\MiKTeX\tex/latex/base\textcomp.sty
Package: textcomp 2020/02/02 v2.0n Standard LaTeX package
)
\netBracketCount@mlpr=\count322
\blkLvl@mlpr=\count323
\blkLvlAtClassdef@mlpr=\count324
\emHeight@mlpr=\skip57
\jayDepth@mlpr=\skip58
\sectionRuleOffset@mlpr=\skip59
\toks@mlpr=\toks48
)
(C:\Users\kanja\AppData\Local\Programs\MiKTeX\tex/latex/enumitem\enumitem.sty
Package: enumitem 2019/06/20 v3.9 Customized lists
\labelindent=\skip60
\enit@outerparindent=\dimen297
\enit@toks=\toks49
\enit@inbox=\box73
\enit@count@id=\count325
\enitdp@description=\count326
)
(C:\Users\kanja\AppData\Local\Programs\MiKTeX\tex/latex/siunitx\siunitx.sty
Package: siunitx 2021-09-29 v3.0.32 A comprehensive (SI) units package
\l__siunitx_angle_tmp_dim=\dimen298
\l__siunitx_angle_marker_box=\box74
\l__siunitx_angle_unit_box=\box75
\l__siunitx_compound_count_int=\count327

(C:\Users\kanja\AppData\Local\Programs\MiKTeX\tex/latex/translations\translatio
ns.sty
Package: translations 2021/01/17 v1.10a internationalization of LaTeX2e package
s (CN)

(C:\Users\kanja\AppData\Local\Programs\MiKTeX\tex/latex/etoolbox\etoolbox.sty
Package: etoolbox 2020/10/05 v2.5k e-TeX tools for LaTeX (JAW)
\etb@tempcnta=\count328
)
(C:\Users\kanja\AppData\Local\Programs\MiKTeX\tex/generic/pdftexcmds\pdftexcmds
.sty
Package: pdftexcmds 2020-06-27 v0.33 Utility functions of pdfTeX for LuaTeX (HO
)

(C:\Users\kanja\AppData\Local\Programs\MiKTeX\tex/generic/infwarerr\infwarerr.s
ty
Package: infwarerr 2019/12/03 v1.5 Providing info/warning/error messages (HO)
)
(C:\Users\kanja\AppData\Local\Programs\MiKTeX\tex/generic/ltxcmds\ltxcmds.sty
Package: ltxcmds 2020-05-10 v1.25 LaTeX kernel commands for general use (HO)
)
Package pdftexcmds Info: \pdf@primitive is available.
Package pdftexcmds Info: \pdf@ifprimitive is available.
Package pdftexcmds Info: \pdfdraftmode found.
))
\l__siunitx_number_exponent_fixed_int=\count329
\l__siunitx_number_min_decimal_int=\count330
\l__siunitx_number_min_integer_int=\count331
\l__siunitx_number_round_precision_int=\count332
\l__siunitx_number_group_minimum_int=\count333
\l__siunitx_table_tmp_box=\box76
\l__siunitx_table_tmp_dim=\dimen299
\l__siunitx_table_column_width_dim=\dimen300
\l__siunitx_table_integer_box=\box77
\l__siunitx_table_decimal_box=\box78
\l__siunitx_table_before_box=\box79
\l__siunitx_table_after_box=\box80
\l__siunitx_table_before_dim=\dimen301
\l__siunitx_table_carry_dim=\dimen302
\l__siunitx_unit_tmp_int=\count334
\l__siunitx_unit_position_int=\count335
\l__siunitx_unit_total_int=\count336

(C:\Users\kanja\AppData\Local\Programs\MiKTeX\tex/latex/l3packages/l3keys2e\l3k
eys2e.sty
(C:\Users\kanja\AppData\Local\Programs\MiKTeX\tex/latex/l3kernel\expl3.sty
Package: expl3 2021-10-12 L3 programming layer (loader) 

(C:\Users\kanja\AppData\Local\Programs\MiKTeX\tex/latex/l3backend\l3backend-pdf
tex.def
File: l3backend-pdftex.def 2021-10-12 L3 backend support: PDF output (pdfTeX)
\l__color_backend_stack_int=\count337
\l__pdf_internal_box=\box81
))
Package: l3keys2e 2021-08-27 LaTeX2e option processing using LaTeX3 keys
))
(C:\Users\kanja\AppData\Local\Programs\MiKTeX\tex/latex/caption\caption.sty
Package: caption 2020/10/26 v3.5g Customizing captions (AR)

(C:\Users\kanja\AppData\Local\Programs\MiKTeX\tex/latex/caption\caption3.sty
Package: caption3 2020/10/21 v2.2e caption3 kernel (AR)
\captionmargin=\dimen303
\captionmargin@=\dimen304
\captionwidth=\dimen305
\caption@tempdima=\dimen306
\caption@indent=\dimen307
\caption@parindent=\dimen308
\caption@hangindent=\dimen309
Package caption Info: Unknown document class (or package),
(caption)             standard defaults will be used.
Package caption Info: \@makecaption = \long macro:#1#2->\addvspace \abovecaptio
nskip \bgroup \centeredlast #1.\enspace #2\par \egroup \vskip \belowcaptionskip
  on input line 1139.
)

Package caption Warning: Unknown document class (or package),
(caption)                standard defaults will be used.
See the caption package documentation for explanation.

\c@caption@flags=\count338
\c@continuedfloat=\count339
Package caption Info: float package is loaded.
Package caption Info: listings package is loaded.
Package caption Info: rotating package is loaded.
) (C:\Users\kanja\AppData\Local\Programs\MiKTeX\tex/latex/refstyle\refstyle.sty
Package: refstyle 2010/11/02 v0.5 Reference formatting (DNJ Els)
Package refstyle Info: Config file refstyle.cfg used on input line 322.
(C:\Users\kanja\AppData\Local\Programs\MiKTeX\tex/latex/refstyle\refstyle.cfg
File: refstyle.cfg 2010/11/02 0.5 Configuration file for refstyle (DNJ Els)
Package refstyle Info: New reference template \newref{part} on input line 468.
Package refstyle Info: \partkey created on input line 468.
Package refstyle Info: \partlabel created on input line 468.
Package refstyle Info: \partref created on input line 468.
Package refstyle Info: \Partref created on input line 468.
Package refstyle Info: \partrangeref created on input line 468.
Package refstyle Info: \Partrangeref created on input line 468.
Package refstyle Info: \partpageref created on input line 468.
Package refstyle Info: New reference template \newref{chap} on input line 501.
Package refstyle Info: \chapkey created on input line 501.
Package refstyle Info: \chaplabel created on input line 501.
Package refstyle Info: \chapref created on input line 501.
Package refstyle Info: \Chapref created on input line 501.
Package refstyle Info: \chaprangeref created on input line 501.
Package refstyle Info: \Chaprangeref created on input line 501.
Package refstyle Info: \chappageref created on input line 501.
Package refstyle Info: New reference template \newref{sec} on input line 511.
Package refstyle Info: \seckey created on input line 511.
Package refstyle Info: \seclabel created on input line 511.
Package refstyle Info: \secref created on input line 511.
Package refstyle Info: \Secref created on input line 511.
Package refstyle Info: \secrangeref created on input line 511.
Package refstyle Info: \Secrangeref created on input line 511.
Package refstyle Info: \secpageref created on input line 511.
Package refstyle Info: New reference template \newref{eq} on input line 526.
Package refstyle Info: \eqkey created on input line 526.
Package refstyle Info: \eqlabel created on input line 526.
Package refstyle Info: \eqref created on input line 526.
Package refstyle Info: \Eqref created on input line 526.
Package refstyle Info: \eqrangeref created on input line 526.
Package refstyle Info: \Eqrangeref created on input line 526.
Package refstyle Info: \eqpageref created on input line 526.
Package refstyle Info: New reference template \newref{fig} on input line 544.
Package refstyle Info: \figkey created on input line 544.
Package refstyle Info: \figlabel created on input line 544.
Package refstyle Info: \figref created on input line 544.
Package refstyle Info: \Figref created on input line 544.
Package refstyle Info: \figrangeref created on input line 544.
Package refstyle Info: \Figrangeref created on input line 544.
Package refstyle Info: \figpageref created on input line 544.
Package refstyle Info: New reference template \newref{tab} on input line 553.
Package refstyle Info: \tabkey created on input line 553.
Package refstyle Info: \tablabel created on input line 553.
Package refstyle Info: \tabref created on input line 553.
Package refstyle Info: \Tabref created on input line 553.
Package refstyle Info: \tabrangeref created on input line 553.
Package refstyle Info: \Tabrangeref created on input line 553.
Package refstyle Info: \tabpageref created on input line 553.
Package refstyle Info: New reference template \newref{fn} on input line 568.
Package refstyle Info: \fnkey created on input line 568.
Package refstyle Info: \fnlabel created on input line 568.
Package refstyle Info: \fnref created on input line 568.
Package refstyle Info: \Fnref created on input line 568.
Package refstyle Info: \fnrangeref created on input line 568.
Package refstyle Info: \Fnrangeref created on input line 568.
Package refstyle Info: \fnpageref created on input line 568.
)) (C:\Users\kanja\AppData\Local\Programs\MiKTeX\tex/latex/multirow\multirow.st
y
Package: multirow 2021/03/15 v2.8 Span multiple rows of a table
\multirow@colwidth=\skip61
\multirow@cntb=\count340
\multirow@dima=\skip62
\bigstrutjot=\dimen310
)

Package siunitx Info: Option "detect-weight" has been deprecated in this
(siunitx)             release.
(siunitx)             
(siunitx)             Use "reset-text-series = false, text-series-to-math =
(siunitx)             true" as a replacement.


Package siunitx Warning: Option "binary-units" has been removed in this
(siunitx)                release.

Package translations Info: No language package found. I am going to use `englis
h' as default language. on input line 93.

LaTeX Warning: Unused global option(s):
    [twosides].

(sprawozdanie.aux)
\openout1 = `sprawozdanie.aux'.

LaTeX Font Info:    Checking defaults for OML/cmm/m/it on input line 93.
LaTeX Font Info:    ... okay on input line 93.
LaTeX Font Info:    Checking defaults for OMS/cmsy/m/n on input line 93.
LaTeX Font Info:    ... okay on input line 93.
LaTeX Font Info:    Checking defaults for OT1/cmr/m/n on input line 93.
LaTeX Font Info:    ... okay on input line 93.
LaTeX Font Info:    Checking defaults for T1/cmr/m/n on input line 93.
LaTeX Font Info:    ... okay on input line 93.
LaTeX Font Info:    Checking defaults for TS1/cmr/m/n on input line 93.
LaTeX Font Info:    ... okay on input line 93.
LaTeX Font Info:    Checking defaults for OMX/cmex/m/n on input line 93.
LaTeX Font Info:    ... okay on input line 93.
LaTeX Font Info:    Checking defaults for U/cmr/m/n on input line 93.
LaTeX Font Info:    ... okay on input line 93.
LaTeX Font Info:    Checking defaults for OT4/cmr/m/n on input line 93.
LaTeX Font Info:    ... okay on input line 93.

*geometry* driver: auto-detecting
*geometry* detected driver: pdftex
*geometry* verbose mode - [ preamble ] result:
* driver: pdftex
* paper: a4paper
* layout: <same size as paper>
* layoutoffset:(h,v)=(0.0pt,0.0pt)
* modes: 
* h-part:(L,W,R)=(71.13188pt, 455.24411pt, 71.13188pt)
* v-part:(T,H,B)=(71.13188pt, 702.78308pt, 71.13188pt)
* \paperwidth=597.50787pt
* \paperheight=845.04684pt
* \textwidth=455.24408pt
* \textheight=702.78307pt
* \oddsidemargin=-1.1381pt
* \evensidemargin=-1.1381pt
* \topmargin=-30.33812pt
* \headheight=13.6pt
* \headsep=15.6pt
* \topskip=11.0pt
* \footskip=27.20001pt
* \marginparwidth=0.0pt
* \marginparsep=0.0pt
* \columnsep=25.6802pt
* \skip\footins=10.0pt plus 4.0pt minus 2.0pt
* \hoffset=0.0pt
* \voffset=0.0pt
* \mag=1000
* \@twocolumnfalse
* \@twosidefalse
* \@mparswitchfalse
* \@reversemarginfalse
* (1in=72.27pt=25.4mm, 1cm=28.453pt)


(C:\Users\kanja\AppData\Local\Programs\MiKTeX\tex/context/base/mkii\supp-pdf.mk
ii
[Loading MPS to PDF converter (version 2006.09.02).]
\scratchcounter=\count341
\scratchdimen=\dimen311
\scratchbox=\box82
\nofMPsegments=\count342
\nofMParguments=\count343
\everyMPshowfont=\toks50
\MPscratchCnt=\count344
\MPscratchDim=\dimen312
\MPnumerator=\count345
\makeMPintoPDFobject=\count346
\everyMPtoPDFconversion=\toks51
)
(C:\Users\kanja\AppData\Local\Programs\MiKTeX\tex/latex/epstopdf-pkg\epstopdf-b
ase.sty
Package: epstopdf-base 2020-01-24 v2.11 Base part for package epstopdf
Package epstopdf-base Info: Redefining graphics rule for `.eps' on input line 4
85.

(C:\Users\kanja\AppData\Local\Programs\MiKTeX\tex/latex/00miktex\epstopdf-sys.c
fg
File: epstopdf-sys.cfg 2021/03/18 v2.0 Configuration of epstopdf for MiKTeX
))

Package pgfplots Warning: running in backwards compatibility mode (unsuitable t
ick labels; missing features). Consider writing \pgfplotsset{compat=1.18} into 
your preamble.
 on input line 93.

\c@lstlisting=\count347

(C:\Users\kanja\AppData\Local\Programs\MiKTeX\tex/latex/translations/dicts\tran
slations-basic-dictionary-english.trsl
File: translations-basic-dictionary-english.trsl (english translation file `tra
nslations-basic-dictionary')
)
Package translations Info: loading dictionary `translations-basic-dictionary' f
or `english'. on input line 93.
Package caption Info: Begin \AtBeginDocument code.
Package caption Info: End \AtBeginDocument code.
 [1

{C:/Users/kanja/AppData/Local/MiKTeX/pdftex/config/pdftex.map}] (sprawozdanie.t
oc
LaTeX Font Info:    Trying to load font information for OML+plm on input line 1
.

(C:\Users\kanja\AppData\Local\Programs\MiKTeX\tex/latex/polski\omlplm.fd
File: omlplm.fd 2008/02/24 v1.2.1 Font defs for fonts PL (MW)
)
LaTeX Font Info:    Trying to load font information for OMS+plsy on input line 
1.

(C:\Users\kanja\AppData\Local\Programs\MiKTeX\tex/latex/polski\omsplsy.fd
File: omsplsy.fd 2008/02/24 v1.2.1 Font defs for fonts PL (MW)
)
LaTeX Font Info:    Trying to load font information for OMX+plex on input line 
1.

(C:\Users\kanja\AppData\Local\Programs\MiKTeX\tex/latex/polski\omxplex.fd
File: omxplex.fd 2008/02/24 v1.2.1 Font defs for fonts PL (MW)
)
LaTeX Font Info:    External font `plex10' loaded for size
(Font)              <10> on input line 1.
LaTeX Font Info:    External font `plex10' loaded for size
(Font)              <7> on input line 1.
LaTeX Font Info:    External font `plex10' loaded for size
(Font)              <5> on input line 1.
LaTeX Font Info:    Trying to load font information for U+msa on input line 1.

(C:\Users\kanja\AppData\Local\Programs\MiKTeX\tex/latex/amsfonts\umsa.fd
File: umsa.fd 2013/01/14 v3.01 AMS symbols A
)
LaTeX Font Info:    Trying to load font information for U+msb on input line 1.

(C:\Users\kanja\AppData\Local\Programs\MiKTeX\tex/latex/amsfonts\umsb.fd
File: umsb.fd 2013/01/14 v3.01 AMS symbols B
))
\tf@toc=\write4
\openout4 = `sprawozdanie.toc'.


(wprowadzenie.tex [1

]
Rozdzia\PlPrIeC {\l } 1.
<plots/tiago.png, id=15, 132.495pt x 253.54726pt>
File: plots/tiago.png Graphic file (type png)
<use plots/tiago.png>
Package pdftex.def Info: plots/tiago.png  used on input line 7.
(pdftex.def)             Requested size: 132.49466pt x 253.54662pt.
) (laboratorium.tex [2

 <./plots/tiago.png>]
Rozdzia\PlPrIeC {\l } 2.
LaTeX Font Info:    Trying to load font information for OT4+cmtt on input line 
5.
(C:\Users\kanja\AppData\Local\Programs\MiKTeX\tex/latex/polski\ot4cmtt.fd
File: ot4cmtt.fd 2008/02/24 v1.2.1 Font defs for fonts PL (MW)
)
<plots/diameter.png, id=19, 875.06924pt x 634.16925pt>
File: plots/diameter.png Graphic file (type png)
<use plots/diameter.png>
Package pdftex.def Info: plots/diameter.png  used on input line 24.
(pdftex.def)             Requested size: 183.76996pt x 133.17946pt.
)
(projekt.tex [3

 <./plots/diameter.png>]
Rozdzia\PlPrIeC {\l } 3.
<plots/global_without_inflation.png, id=24, 620.3175pt x 657.95813pt>
File: plots/global_without_inflation.png Graphic file (type png)
<use plots/global_without_inflation.png>
Package pdftex.def Info: plots/global_without_inflation.png  used on input line
 12.
(pdftex.def)             Requested size: 186.09668pt x 197.38896pt.
<plots/local_without_inflation.png, id=26, 614.295pt x 646.66594pt>
File: plots/local_without_inflation.png Graphic file (type png)
<use plots/local_without_inflation.png>
Package pdftex.def Info: plots/local_without_inflation.png  used on input line 
21.
(pdftex.def)             Requested size: 184.28992pt x 194.00127pt.
[4

 <./plots/global_without_inflation.png>]
<plots/local_without_inflation_with_obstacle.png, id=32, 624.83438pt x 645.9131
3pt>
File: plots/local_without_inflation_with_obstacle.png Graphic file (type png)
<use plots/local_without_inflation_with_obstacle.png>
Package pdftex.def Info: plots/local_without_inflation_with_obstacle.png  used 
on input line 29.
(pdftex.def)             Requested size: 187.45175pt x 193.77544pt.
<plots/global_without_inflation_with obstacle.png, id=33, 633.86812pt x 663.980
62pt>
File: plots/global_without_inflation_with obstacle.png Graphic file (type png)
<use plots/global_without_inflation_with obstacle.png>
Package pdftex.def Info: plots/global_without_inflation_with obstacle.png  used
 on input line 37.
(pdftex.def)             Requested size: 190.1619pt x 199.19571pt.
 [5 <./plots/local_without_inflation.png> <./plots/local_without_inflation_with
_obstacle.png>]
<plots/global_inflation_layer.png, id=39, 1054.6903pt x 633.86812pt>
File: plots/global_inflation_layer.png Graphic file (type png)
<use plots/global_inflation_layer.png>
Package pdftex.def Info: plots/global_inflation_layer.png  used on input line 4
7.
(pdftex.def)             Requested size: 316.40953pt x 190.1619pt.
<plots/local_inflation_layer.png, id=40, 1048.66782pt x 622.57594pt>
File: plots/local_inflation_layer.png Graphic file (type png)
<use plots/local_inflation_layer.png>
Package pdftex.def Info: plots/local_inflation_layer.png  used on input line 54
.
(pdftex.def)             Requested size: 314.60277pt x 186.77422pt.
 [6 <./plots/global_without_inflation_with obstacle.png> <./plots/global_inflat
ion_layer.png>]
<plots/local_obstacle_detected_with_lidar.png, id=47, 899.61093pt x 642.90187pt
>
File: plots/local_obstacle_detected_with_lidar.png Graphic file (type png)
<use plots/local_obstacle_detected_with_lidar.png>
Package pdftex.def Info: plots/local_obstacle_detected_with_lidar.png  used on 
input line 60.
(pdftex.def)             Requested size: 269.88536pt x 192.87204pt.
<plots/global_planner.png, id=48, 629.35126pt x 657.95813pt>
File: plots/global_planner.png Graphic file (type png)
<use plots/global_planner.png>
Package pdftex.def Info: plots/global_planner.png  used on input line 71.
(pdftex.def)             Requested size: 188.80682pt x 197.38896pt.

[7 <./plots/local_inflation_layer.png> <./plots/local_obstacle_detected_with_li
dar.png>]
Underfull \hbox (badness 10000) in paragraph at lines 75--76
[]\OT4/cmr/m/n/10.95 Wyznaczenie lo-kal-nej tra-jek-to-rii od-by-wa si¦ po-prze
z al-go-ryt-my kla-sy
 []


Underfull \hbox (badness 4060) in paragraph at lines 75--76
\OT4/cmtt/m/n/10.95 base[]local[]planner::TrajectoryPlannerROS\OT4/cmr/m/n/10.9
5 . Od-po-wia-da ona za ge-ne-ro-wa-nie lo-kal-nej
 []

<plots/local_planner.png, id=54, 612.78937pt x 649.67719pt>
File: plots/local_planner.png Graphic file (type png)
<use plots/local_planner.png>
Package pdftex.def Info: plots/local_planner.png  used on input line 79.
(pdftex.def)             Requested size: 183.83823pt x 194.90465pt.
<plots/recovery_mode.png, id=55, 529.37775pt x 560.69475pt>
File: plots/recovery_mode.png Graphic file (type png)
<use plots/recovery_mode.png>
Package pdftex.def Info: plots/recovery_mode.png  used on input line 89.
(pdftex.def)             Requested size: 317.62909pt x 336.41943pt.
[8 <./plots/global_planner.png> <./plots/local_planner.png>]
LaTeX Font Info:    Trying to load font information for OML+cmr on input line 9
5.

(C:\Users\kanja\AppData\Local\Programs\MiKTeX\tex/latex/base\omlcmr.fd
File: omlcmr.fd 2019/12/16 v2.5j Standard LaTeX font definitions
)
LaTeX Font Info:    Font shape `OML/cmr/m/n' in size <10.95> not available
(Font)              Font shape `OML/cmm/m/it' tried instead on input line 95.

! Undefined control sequence.
<recently read> \texxtit 
                         
l.103   \item \texxtit
                      {Goal passed successfully}
The control sequence at the end of the top line
of your error message was never \def'ed. If you have
misspelled it (e.g., `\hobx'), type `I' and the correct
spelling (e.g., `I\hbox'). Otherwise just continue,
and I'll forget about whatever was undefined.

! Undefined control sequence.
<recently read> \texxtit 
                         
l.104   \item \texxtit
                      {Planning}
The control sequence at the end of the top line
of your error message was never \def'ed. If you have
misspelled it (e.g., `\hobx'), type `I' and the correct
spelling (e.g., `I\hbox'). Otherwise just continue,
and I'll forget about whatever was undefined.

! Undefined control sequence.
<recently read> \texxtit 
                         
l.105   \item \texxtit
                      {In progress}
The control sequence at the end of the top line
of your error message was never \def'ed. If you have
misspelled it (e.g., `\hobx'), type `I' and the correct
spelling (e.g., `I\hbox'). Otherwise just continue,
and I'll forget about whatever was undefined.

! Undefined control sequence.
<recently read> \texxtit 
                         
l.106 	\item \texxtit
                     {Recovery behavior}
The control sequence at the end of the top line
of your error message was never \def'ed. If you have
misspelled it (e.g., `\hobx'), type `I' and the correct
spelling (e.g., `I\hbox'). Otherwise just continue,
and I'll forget about whatever was undefined.

! Undefined control sequence.
<recently read> \texxtit 
                         
l.107 	\item \texxtit
                     {Finish}
The control sequence at the end of the top line
of your error message was never \def'ed. If you have
misspelled it (e.g., `\hobx'), type `I' and the correct
spelling (e.g., `I\hbox'). Otherwise just continue,
and I'll forget about whatever was undefined.

) (podsumowanie.tex [9 <./plots/recovery_mode.png>]
Rozdzia\PlPrIeC {\l } 4.
) [10

] (sprawozdanie.aux) ) 
Here is how much of TeX's memory you used:
 33607 strings out of 478927
 835123 string characters out of 2852534
 1171444 words of memory out of 3000000
 50906 multiletter control sequences out of 15000+600000
 414746 words of font info for 57 fonts, out of 8000000 for 9000
 1141 hyphenation exceptions out of 8191
 84i,8n,89p,747b,1252s stack positions out of 5000i,500n,10000p,200000b,80000s
{C:/Users/kanja/AppData/Local/Programs/MiKTeX/fonts/enc/d
vips/pl/plit.enc}{C:/Users/kanja/AppData/Local/Programs/MiKTeX/fonts/enc/dvips/
pl/pltt.enc}{C:/Users/kanja/AppData/Local/Programs/MiKTeX/fonts/enc/dvips/pl/pl
rm.enc}<C:/Users/kanja/AppData/Local/Programs/MiKTeX/fonts/type1/public/amsfont
s/cm/cmmi10.pfb><C:/Users/kanja/AppData/Local/Programs/MiKTeX/fonts/type1/publi
c/pl/plbx10.pfb><C:/Users/kanja/AppData/Local/Programs/MiKTeX/fonts/type1/publi
c/pl/plbx12.pfb><C:/Users/kanja/AppData/Local/Programs/MiKTeX/fonts/type1/publi
c/pl/plbxti10.pfb><C:/Users/kanja/AppData/Local/Programs/MiKTeX/fonts/type1/pub
lic/pl/plr10.pfb><C:/Users/kanja/AppData/Local/Programs/MiKTeX/fonts/type1/publ
ic/pl/plti10.pfb><C:/Users/kanja/AppData/Local/Programs/MiKTeX/fonts/type1/publ
ic/pl/pltt10.pfb>
Output written on sprawozdanie.pdf (11 pages, 933548 bytes).
PDF statistics:
 101 PDF objects out of 1000 (max. 8388607)
 0 named destinations out of 1000 (max. 500000)
 73 words of extra memory for PDF output out of 10000 (max. 10000000)

